[debug] [2025-01-29T06:45:24.371Z] ----------------------------------------------------------------------
[debug] [2025-01-29T06:45:24.382Z] Command:       C:\Program Files\nodejs\node.exe C:\Program Files\nodejs\node_modules\firebase-tools\lib\bin\firebase.js emulators:start
[debug] [2025-01-29T06:45:24.383Z] CLI Version:   13.20.2
[debug] [2025-01-29T06:45:24.383Z] Platform:      win32
[debug] [2025-01-29T06:45:24.383Z] Node Version:  v22.1.0
[debug] [2025-01-29T06:45:24.384Z] Time:          Wed Jan 29 2025 14:45:24 GMT+0800 (Philippine Standard Time)
[debug] [2025-01-29T06:45:24.385Z] ----------------------------------------------------------------------
[debug] 
[debug] [2025-01-29T06:45:24.732Z] > command requires scopes: ["email","openid","https://www.googleapis.com/auth/cloudplatformprojects.readonly","https://www.googleapis.com/auth/firebase","https://www.googleapis.com/auth/cloud-platform"]
[debug] [2025-01-29T06:45:24.733Z] > authorizing via signed-in user (v.sibay.139673.tc@umindanao.edu.ph)
[debug] [2025-01-29T06:45:25.045Z] java version "22.0.1" 2024-04-16

[debug] [2025-01-29T06:45:25.046Z] Java(TM) SE Runtime Environment (build 22.0.1+8-16)
Java HotSpot(TM) 64-Bit Server VM (build 22.0.1+8-16, mixed mode, sharing)

[debug] [2025-01-29T06:45:25.078Z] Parsed Java major version: 22
[info] i  emulators: Starting emulators: auth, functions, firestore {"metadata":{"emulator":{"name":"hub"},"message":"Starting emulators: auth, functions, firestore"}}
[debug] [2025-01-29T06:45:25.105Z] [logging] Logging Emulator only supports listening on one address (127.0.0.1). Not listening on ::1
[debug] [2025-01-29T06:45:25.105Z] [auth] Authentication Emulator only supports listening on one address (127.0.0.1). Not listening on ::1
[debug] [2025-01-29T06:45:25.105Z] [firestore] Firestore Emulator only supports listening on one address (127.0.0.1). Not listening on ::1
[debug] [2025-01-29T06:45:25.105Z] [firestore.websocket] websocket server for firestore only supports listening on one address (127.0.0.1). Not listening on ::1
[debug] [2025-01-29T06:45:25.105Z] assigned listening specs for emulators {"user":{"hub":[{"address":"127.0.0.1","family":"IPv4","port":4400},{"address":"::1","family":"IPv6","port":4400}],"ui":[{"address":"127.0.0.1","family":"IPv4","port":4000},{"address":"::1","family":"IPv6","port":4000}],"logging":[{"address":"127.0.0.1","family":"IPv4","port":4500}],"auth":[{"address":"127.0.0.1","family":"IPv4","port":9099}],"firestore":[{"address":"127.0.0.1","family":"IPv4","port":8080}],"firestore.websocket":[{"address":"127.0.0.1","family":"IPv4","port":9150}]},"metadata":{"message":"assigned listening specs for emulators"}}
[debug] [2025-01-29T06:45:25.118Z] [hub] writing locator at C:\Users\VINCEA~1\AppData\Local\Temp\hub-codevents-0000.json
[debug] [2025-01-29T06:45:25.137Z] [functions] Functions Emulator only supports listening on one address (127.0.0.1). Not listening on ::1
[debug] [2025-01-29T06:45:25.137Z] [eventarc] Eventarc Emulator only supports listening on one address (127.0.0.1). Not listening on ::1
[debug] [2025-01-29T06:45:25.138Z] [tasks] Cloud Tasks Emulator only supports listening on one address (127.0.0.1). Not listening on ::1
[debug] [2025-01-29T06:45:25.138Z] late-assigned ports for functions and eventarc emulators {"user":{"hub":[{"address":"127.0.0.1","family":"IPv4","port":4400},{"address":"::1","family":"IPv6","port":4400}],"ui":[{"address":"127.0.0.1","family":"IPv4","port":4000},{"address":"::1","family":"IPv6","port":4000}],"logging":[{"address":"127.0.0.1","family":"IPv4","port":4500}],"auth":[{"address":"127.0.0.1","family":"IPv4","port":9099}],"firestore":[{"address":"127.0.0.1","family":"IPv4","port":8080}],"firestore.websocket":[{"address":"127.0.0.1","family":"IPv4","port":9150}],"functions":[{"address":"127.0.0.1","family":"IPv4","port":5001}],"eventarc":[{"address":"127.0.0.1","family":"IPv4","port":9299}],"tasks":[{"address":"127.0.0.1","family":"IPv4","port":9499}]},"metadata":{"message":"late-assigned ports for functions and eventarc emulators"}}
[warn] !  functions: The following emulators are not running, calls to these services from the Functions emulator will affect production: database, hosting, pubsub, storage, dataconnect {"metadata":{"emulator":{"name":"functions"},"message":"The following emulators are not running, calls to these services from the Functions emulator will affect production: \u001b[1mdatabase, hosting, pubsub, storage, dataconnect\u001b[22m"}}
[debug] [2025-01-29T06:45:25.146Z] defaultcredentials: writing to file C:\Users\vincealwyn\AppData\Roaming\firebase\v_sibay.139673.tc_umindanao.edu.ph_application_default_credentials.json
[debug] [2025-01-29T06:45:25.151Z] Setting GAC to C:\Users\vincealwyn\AppData\Roaming\firebase\v_sibay.139673.tc_umindanao.edu.ph_application_default_credentials.json {"metadata":{"emulator":{"name":"functions"},"message":"Setting GAC to C:\\Users\\vincealwyn\\AppData\\Roaming\\firebase\\v_sibay.139673.tc_umindanao.edu.ph_application_default_credentials.json"}}
[debug] [2025-01-29T06:45:25.153Z] Checked if tokens are valid: false, expires at: 1738133221713
[debug] [2025-01-29T06:45:25.153Z] Checked if tokens are valid: false, expires at: 1738133221713
[debug] [2025-01-29T06:45:25.154Z] > refreshing access token with scopes: []
[debug] [2025-01-29T06:45:25.158Z] >>> [apiv2][query] POST https://www.googleapis.com/oauth2/v3/token [none]
[debug] [2025-01-29T06:45:25.158Z] >>> [apiv2][body] POST https://www.googleapis.com/oauth2/v3/token [omitted]
[debug] [2025-01-29T06:45:32.078Z] <<< [apiv2][status] POST https://www.googleapis.com/oauth2/v3/token 200
[debug] [2025-01-29T06:45:32.079Z] <<< [apiv2][body] POST https://www.googleapis.com/oauth2/v3/token [omitted]
[debug] [2025-01-29T06:45:32.133Z] >>> [apiv2][query] GET https://firebase.googleapis.com/v1beta1/projects/codevents-0000/adminSdkConfig [none]
[debug] [2025-01-29T06:45:36.494Z] <<< [apiv2][status] GET https://firebase.googleapis.com/v1beta1/projects/codevents-0000/adminSdkConfig 200
[debug] [2025-01-29T06:45:36.494Z] <<< [apiv2][body] GET https://firebase.googleapis.com/v1beta1/projects/codevents-0000/adminSdkConfig {"projectId":"codevents-0000","storageBucket":"codevents-0000.firebasestorage.app"}
[debug] [2025-01-29T06:45:36.545Z] Ignoring unsupported arg: auto_download {"metadata":{"emulator":{"name":"firestore"},"message":"Ignoring unsupported arg: auto_download"}}
[debug] [2025-01-29T06:45:36.545Z] Ignoring unsupported arg: single_project_mode_error {"metadata":{"emulator":{"name":"firestore"},"message":"Ignoring unsupported arg: single_project_mode_error"}}
[debug] [2025-01-29T06:45:36.545Z] Starting Firestore Emulator with command {"binary":"java","args":["-Dgoogle.cloud_firestore.debug_log_level=FINE","-Duser.language=en","-jar","C:\\Users\\vincealwyn\\.cache\\firebase\\emulators\\cloud-firestore-emulator-v1.19.8.jar","--host","127.0.0.1","--port",8080,"--websocket_port",9150,"--project_id","codevents-0000","--rules","D:\\codesevent\\firestore.rules","--single_project_mode",true,"--functions_emulator","127.0.0.1:5001"],"optionalArgs":["port","webchannel_port","host","rules","websocket_port","functions_emulator","seed_from_export","project_id","single_project_mode"],"joinArgs":false,"shell":false,"port":8080} {"metadata":{"emulator":{"name":"firestore"},"message":"Starting Firestore Emulator with command {\"binary\":\"java\",\"args\":[\"-Dgoogle.cloud_firestore.debug_log_level=FINE\",\"-Duser.language=en\",\"-jar\",\"C:\\\\Users\\\\vincealwyn\\\\.cache\\\\firebase\\\\emulators\\\\cloud-firestore-emulator-v1.19.8.jar\",\"--host\",\"127.0.0.1\",\"--port\",8080,\"--websocket_port\",9150,\"--project_id\",\"codevents-0000\",\"--rules\",\"D:\\\\codesevent\\\\firestore.rules\",\"--single_project_mode\",true,\"--functions_emulator\",\"127.0.0.1:5001\"],\"optionalArgs\":[\"port\",\"webchannel_port\",\"host\",\"rules\",\"websocket_port\",\"functions_emulator\",\"seed_from_export\",\"project_id\",\"single_project_mode\"],\"joinArgs\":false,\"shell\":false,\"port\":8080}"}}
[info] i  firestore: Firestore Emulator logging to firestore-debug.log {"metadata":{"emulator":{"name":"firestore"},"message":"Firestore Emulator logging to \u001b[1mfirestore-debug.log\u001b[22m"}}
[info] +  firestore: Firestore Emulator UI websocket is running on 9150. {"metadata":{"emulator":{"name":"firestore"},"message":"Firestore Emulator UI websocket is running on 9150."}}
[info] i  ui: downloading ui-v1.13.0.zip... {"metadata":{"emulator":{"name":"ui"},"message":"downloading ui-v1.13.0.zip..."}}
[debug] [2025-01-29T06:45:57.196Z] >>> [apiv2][query] GET https://storage.googleapis.com/firebase-preview-drop/emulator/ui-v1.13.0.zip 
[debug] [2025-01-29T06:46:00.045Z] <<< [apiv2][status] GET https://storage.googleapis.com/firebase-preview-drop/emulator/ui-v1.13.0.zip 200
[debug] [2025-01-29T06:46:00.046Z] <<< [apiv2][body] GET https://storage.googleapis.com/firebase-preview-drop/emulator/ui-v1.13.0.zip [stream]
[debug] [2025-01-29T06:46:05.629Z] Data is 3605485
[debug] [2025-01-29T06:46:05.630Z] [unzip] Entry: client/ (compressed_size=0 bytes, uncompressed_size=0 bytes)
[debug] [2025-01-29T06:46:05.630Z] [unzip] Processing entry: client\
[debug] [2025-01-29T06:46:05.630Z] [unzip] mkdir: C:\Users\vincealwyn\.cache\firebase\emulators\ui-v1.13.0\client\
[debug] [2025-01-29T06:46:05.632Z] [unzip] Entry: client/favicon-16x16.png (compressed_size=293 bytes, uncompressed_size=293 bytes)
[debug] [2025-01-29T06:46:05.632Z] [unzip] Processing entry: client\favicon-16x16.png
[debug] [2025-01-29T06:46:05.632Z] [unzip] else mkdir: C:\Users\vincealwyn\.cache\firebase\emulators\ui-v1.13.0\client
[debug] [2025-01-29T06:46:05.633Z] [unzip] Writing file: C:\Users\vincealwyn\.cache\firebase\emulators\ui-v1.13.0\client\favicon-16x16.png
[debug] [2025-01-29T06:46:05.635Z] [unzip] Entry: client/safari-pinned-tab.svg (compressed_size=1433 bytes, uncompressed_size=2611 bytes)
[debug] [2025-01-29T06:46:05.635Z] [unzip] Processing entry: client\safari-pinned-tab.svg
[debug] [2025-01-29T06:46:05.635Z] [unzip] else mkdir: C:\Users\vincealwyn\.cache\firebase\emulators\ui-v1.13.0\client
[debug] [2025-01-29T06:46:05.636Z] [unzip] deflating: C:\Users\vincealwyn\.cache\firebase\emulators\ui-v1.13.0\client\safari-pinned-tab.svg
[debug] [2025-01-29T06:46:05.648Z] [unzip] Entry: client/favicon.ico (compressed_size=2933 bytes, uncompressed_size=13294 bytes)
[debug] [2025-01-29T06:46:05.648Z] [unzip] Processing entry: client\favicon.ico
[debug] [2025-01-29T06:46:05.648Z] [unzip] else mkdir: C:\Users\vincealwyn\.cache\firebase\emulators\ui-v1.13.0\client
[debug] [2025-01-29T06:46:05.649Z] [unzip] deflating: C:\Users\vincealwyn\.cache\firebase\emulators\ui-v1.13.0\client\favicon.ico
[debug] [2025-01-29T06:46:05.653Z] [unzip] Entry: client/index.html (compressed_size=1361 bytes, uncompressed_size=3071 bytes)
[debug] [2025-01-29T06:46:05.653Z] [unzip] Processing entry: client\index.html
[debug] [2025-01-29T06:46:05.653Z] [unzip] else mkdir: C:\Users\vincealwyn\.cache\firebase\emulators\ui-v1.13.0\client
[debug] [2025-01-29T06:46:05.654Z] [unzip] deflating: C:\Users\vincealwyn\.cache\firebase\emulators\ui-v1.13.0\client\index.html
[debug] [2025-01-29T06:46:05.657Z] [unzip] Entry: client/android-chrome-192x192.png (compressed_size=2684 bytes, uncompressed_size=2684 bytes)
[debug] [2025-01-29T06:46:05.657Z] [unzip] Processing entry: client\android-chrome-192x192.png
[debug] [2025-01-29T06:46:05.657Z] [unzip] else mkdir: C:\Users\vincealwyn\.cache\firebase\emulators\ui-v1.13.0\client
[debug] [2025-01-29T06:46:05.658Z] [unzip] Writing file: C:\Users\vincealwyn\.cache\firebase\emulators\ui-v1.13.0\client\android-chrome-192x192.png
[debug] [2025-01-29T06:46:05.662Z] [unzip] Entry: client/apple-touch-icon.png (compressed_size=2123 bytes, uncompressed_size=2152 bytes)
[debug] [2025-01-29T06:46:05.663Z] [unzip] Processing entry: client\apple-touch-icon.png
[debug] [2025-01-29T06:46:05.663Z] [unzip] else mkdir: C:\Users\vincealwyn\.cache\firebase\emulators\ui-v1.13.0\client
[debug] [2025-01-29T06:46:05.664Z] [unzip] deflating: C:\Users\vincealwyn\.cache\firebase\emulators\ui-v1.13.0\client\apple-touch-icon.png
[debug] [2025-01-29T06:46:05.669Z] [unzip] Entry: client/android-chrome-512x512.png (compressed_size=5369 bytes, uncompressed_size=5411 bytes)
[debug] [2025-01-29T06:46:05.670Z] [unzip] Processing entry: client\android-chrome-512x512.png
[debug] [2025-01-29T06:46:05.672Z] [unzip] else mkdir: C:\Users\vincealwyn\.cache\firebase\emulators\ui-v1.13.0\client
[debug] [2025-01-29T06:46:05.675Z] [unzip] deflating: C:\Users\vincealwyn\.cache\firebase\emulators\ui-v1.13.0\client\android-chrome-512x512.png
[debug] [2025-01-29T06:46:05.684Z] [unzip] Entry: client/manifest.json (compressed_size=245 bytes, uncompressed_size=551 bytes)
[debug] [2025-01-29T06:46:05.685Z] [unzip] Processing entry: client\manifest.json
[debug] [2025-01-29T06:46:05.686Z] [unzip] else mkdir: C:\Users\vincealwyn\.cache\firebase\emulators\ui-v1.13.0\client
[debug] [2025-01-29T06:46:05.689Z] [unzip] deflating: C:\Users\vincealwyn\.cache\firebase\emulators\ui-v1.13.0\client\manifest.json
[debug] [2025-01-29T06:46:05.695Z] [unzip] Entry: client/robots.txt (compressed_size=26 bytes, uncompressed_size=26 bytes)
[debug] [2025-01-29T06:46:05.696Z] [unzip] Processing entry: client\robots.txt
[debug] [2025-01-29T06:46:05.696Z] [unzip] else mkdir: C:\Users\vincealwyn\.cache\firebase\emulators\ui-v1.13.0\client
[debug] [2025-01-29T06:46:05.697Z] [unzip] Writing file: C:\Users\vincealwyn\.cache\firebase\emulators\ui-v1.13.0\client\robots.txt
[debug] [2025-01-29T06:46:05.701Z] [unzip] Entry: client/mstile-150x150.png (compressed_size=2034 bytes, uncompressed_size=2034 bytes)
[debug] [2025-01-29T06:46:05.702Z] [unzip] Processing entry: client\mstile-150x150.png
[debug] [2025-01-29T06:46:05.703Z] [unzip] else mkdir: C:\Users\vincealwyn\.cache\firebase\emulators\ui-v1.13.0\client
[debug] [2025-01-29T06:46:05.705Z] [unzip] Writing file: C:\Users\vincealwyn\.cache\firebase\emulators\ui-v1.13.0\client\mstile-150x150.png
[debug] [2025-01-29T06:46:05.709Z] [unzip] Entry: client/assets/ (compressed_size=0 bytes, uncompressed_size=0 bytes)
[debug] [2025-01-29T06:46:05.709Z] [unzip] Processing entry: client\assets\
[debug] [2025-01-29T06:46:05.709Z] [unzip] mkdir: C:\Users\vincealwyn\.cache\firebase\emulators\ui-v1.13.0\client\assets\
[debug] [2025-01-29T06:46:05.711Z] [unzip] Entry: client/assets/index-I-mhtQda.js.map (compressed_size=2322562 bytes, uncompressed_size=9922747 bytes)
[debug] [2025-01-29T06:46:05.711Z] [unzip] Processing entry: client\assets\index-I-mhtQda.js.map
[debug] [2025-01-29T06:46:05.712Z] [unzip] else mkdir: C:\Users\vincealwyn\.cache\firebase\emulators\ui-v1.13.0\client\assets
[debug] [2025-01-29T06:46:05.715Z] [unzip] deflating: C:\Users\vincealwyn\.cache\firebase\emulators\ui-v1.13.0\client\assets\index-I-mhtQda.js.map
[debug] [2025-01-29T06:46:05.878Z] [unzip] Entry: client/assets/index-BdgySamB.css (compressed_size=35979 bytes, uncompressed_size=298654 bytes)
[debug] [2025-01-29T06:46:05.878Z] [unzip] Processing entry: client\assets\index-BdgySamB.css
[debug] [2025-01-29T06:46:05.878Z] [unzip] else mkdir: C:\Users\vincealwyn\.cache\firebase\emulators\ui-v1.13.0\client\assets
[debug] [2025-01-29T06:46:05.879Z] [unzip] deflating: C:\Users\vincealwyn\.cache\firebase\emulators\ui-v1.13.0\client\assets\index-BdgySamB.css
[debug] [2025-01-29T06:46:05.885Z] [unzip] Entry: client/assets/index-I-mhtQda.js (compressed_size=565968 bytes, uncompressed_size=2030855 bytes)
[debug] [2025-01-29T06:46:05.886Z] [unzip] Processing entry: client\assets\index-I-mhtQda.js
[debug] [2025-01-29T06:46:05.886Z] [unzip] else mkdir: C:\Users\vincealwyn\.cache\firebase\emulators\ui-v1.13.0\client\assets
[debug] [2025-01-29T06:46:05.888Z] [unzip] deflating: C:\Users\vincealwyn\.cache\firebase\emulators\ui-v1.13.0\client\assets\index-I-mhtQda.js
[debug] [2025-01-29T06:46:05.938Z] [unzip] Entry: client/assets/extensions/ (compressed_size=0 bytes, uncompressed_size=0 bytes)
[debug] [2025-01-29T06:46:05.939Z] [unzip] Processing entry: client\assets\extensions\
[debug] [2025-01-29T06:46:05.939Z] [unzip] mkdir: C:\Users\vincealwyn\.cache\firebase\emulators\ui-v1.13.0\client\assets\extensions\
[debug] [2025-01-29T06:46:05.940Z] [unzip] Entry: client/assets/extensions/default-extension.png (compressed_size=1646 bytes, uncompressed_size=1657 bytes)
[debug] [2025-01-29T06:46:05.941Z] [unzip] Processing entry: client\assets\extensions\default-extension.png
[debug] [2025-01-29T06:46:05.941Z] [unzip] else mkdir: C:\Users\vincealwyn\.cache\firebase\emulators\ui-v1.13.0\client\assets\extensions
[debug] [2025-01-29T06:46:05.941Z] [unzip] deflating: C:\Users\vincealwyn\.cache\firebase\emulators\ui-v1.13.0\client\assets\extensions\default-extension.png
[debug] [2025-01-29T06:46:05.944Z] [unzip] Entry: client/assets/img/ (compressed_size=0 bytes, uncompressed_size=0 bytes)
[debug] [2025-01-29T06:46:05.945Z] [unzip] Processing entry: client\assets\img\
[debug] [2025-01-29T06:46:05.945Z] [unzip] mkdir: C:\Users\vincealwyn\.cache\firebase\emulators\ui-v1.13.0\client\assets\img\
[debug] [2025-01-29T06:46:05.946Z] [unzip] Entry: client/assets/img/database.png (compressed_size=29449 bytes, uncompressed_size=29988 bytes)
[debug] [2025-01-29T06:46:05.946Z] [unzip] Processing entry: client\assets\img\database.png
[debug] [2025-01-29T06:46:05.947Z] [unzip] else mkdir: C:\Users\vincealwyn\.cache\firebase\emulators\ui-v1.13.0\client\assets\img
[debug] [2025-01-29T06:46:05.947Z] [unzip] deflating: C:\Users\vincealwyn\.cache\firebase\emulators\ui-v1.13.0\client\assets\img\database.png
[debug] [2025-01-29T06:46:05.951Z] [unzip] Entry: client/assets/provider-icons/ (compressed_size=0 bytes, uncompressed_size=0 bytes)
[debug] [2025-01-29T06:46:05.951Z] [unzip] Processing entry: client\assets\provider-icons\
[debug] [2025-01-29T06:46:05.951Z] [unzip] mkdir: C:\Users\vincealwyn\.cache\firebase\emulators\ui-v1.13.0\client\assets\provider-icons\
[debug] [2025-01-29T06:46:05.952Z] [unzip] Entry: client/assets/provider-icons/auth_service_saml.svg (compressed_size=575 bytes, uncompressed_size=1226 bytes)
[debug] [2025-01-29T06:46:05.953Z] [unzip] Processing entry: client\assets\provider-icons\auth_service_saml.svg
[debug] [2025-01-29T06:46:05.953Z] [unzip] else mkdir: C:\Users\vincealwyn\.cache\firebase\emulators\ui-v1.13.0\client\assets\provider-icons
[debug] [2025-01-29T06:46:05.953Z] [unzip] deflating: C:\Users\vincealwyn\.cache\firebase\emulators\ui-v1.13.0\client\assets\provider-icons\auth_service_saml.svg
[debug] [2025-01-29T06:46:05.956Z] [unzip] Entry: client/assets/provider-icons/auth_service_phone.svg (compressed_size=261 bytes, uncompressed_size=414 bytes)
[debug] [2025-01-29T06:46:05.956Z] [unzip] Processing entry: client\assets\provider-icons\auth_service_phone.svg
[debug] [2025-01-29T06:46:05.956Z] [unzip] else mkdir: C:\Users\vincealwyn\.cache\firebase\emulators\ui-v1.13.0\client\assets\provider-icons
[debug] [2025-01-29T06:46:05.958Z] [unzip] deflating: C:\Users\vincealwyn\.cache\firebase\emulators\ui-v1.13.0\client\assets\provider-icons\auth_service_phone.svg
[debug] [2025-01-29T06:46:05.962Z] [unzip] Entry: client/assets/provider-icons/auth_service_facebook.svg (compressed_size=289 bytes, uncompressed_size=457 bytes)
[debug] [2025-01-29T06:46:05.963Z] [unzip] Processing entry: client\assets\provider-icons\auth_service_facebook.svg
[debug] [2025-01-29T06:46:05.963Z] [unzip] else mkdir: C:\Users\vincealwyn\.cache\firebase\emulators\ui-v1.13.0\client\assets\provider-icons
[debug] [2025-01-29T06:46:05.964Z] [unzip] deflating: C:\Users\vincealwyn\.cache\firebase\emulators\ui-v1.13.0\client\assets\provider-icons\auth_service_facebook.svg
[debug] [2025-01-29T06:46:05.967Z] [unzip] Entry: client/assets/provider-icons/auth_service_game_center.svg (compressed_size=991 bytes, uncompressed_size=3921 bytes)
[debug] [2025-01-29T06:46:05.968Z] [unzip] Processing entry: client\assets\provider-icons\auth_service_game_center.svg
[debug] [2025-01-29T06:46:05.968Z] [unzip] else mkdir: C:\Users\vincealwyn\.cache\firebase\emulators\ui-v1.13.0\client\assets\provider-icons
[debug] [2025-01-29T06:46:05.970Z] [unzip] deflating: C:\Users\vincealwyn\.cache\firebase\emulators\ui-v1.13.0\client\assets\provider-icons\auth_service_game_center.svg
[debug] [2025-01-29T06:46:05.975Z] [unzip] Entry: client/assets/provider-icons/auth_service_apple.svg (compressed_size=230 bytes, uncompressed_size=334 bytes)
[debug] [2025-01-29T06:46:05.975Z] [unzip] Processing entry: client\assets\provider-icons\auth_service_apple.svg
[debug] [2025-01-29T06:46:05.975Z] [unzip] else mkdir: C:\Users\vincealwyn\.cache\firebase\emulators\ui-v1.13.0\client\assets\provider-icons
[debug] [2025-01-29T06:46:05.976Z] [unzip] deflating: C:\Users\vincealwyn\.cache\firebase\emulators\ui-v1.13.0\client\assets\provider-icons\auth_service_apple.svg
[debug] [2025-01-29T06:46:05.991Z] [unzip] Entry: client/assets/provider-icons/auth_service_github.svg (compressed_size=466 bytes, uncompressed_size=838 bytes)
[debug] [2025-01-29T06:46:05.992Z] [unzip] Processing entry: client\assets\provider-icons\auth_service_github.svg
[debug] [2025-01-29T06:46:05.992Z] [unzip] else mkdir: C:\Users\vincealwyn\.cache\firebase\emulators\ui-v1.13.0\client\assets\provider-icons
[debug] [2025-01-29T06:46:05.993Z] [unzip] deflating: C:\Users\vincealwyn\.cache\firebase\emulators\ui-v1.13.0\client\assets\provider-icons\auth_service_github.svg
[debug] [2025-01-29T06:46:05.995Z] [unzip] Entry: client/assets/provider-icons/auth_service_mslive.svg (compressed_size=203 bytes, uncompressed_size=378 bytes)
[debug] [2025-01-29T06:46:05.996Z] [unzip] Processing entry: client\assets\provider-icons\auth_service_mslive.svg
[debug] [2025-01-29T06:46:05.996Z] [unzip] else mkdir: C:\Users\vincealwyn\.cache\firebase\emulators\ui-v1.13.0\client\assets\provider-icons
[debug] [2025-01-29T06:46:05.996Z] [unzip] deflating: C:\Users\vincealwyn\.cache\firebase\emulators\ui-v1.13.0\client\assets\provider-icons\auth_service_mslive.svg
[debug] [2025-01-29T06:46:06.000Z] [unzip] Entry: client/assets/provider-icons/auth_service_yahoo.svg (compressed_size=577 bytes, uncompressed_size=1182 bytes)
[debug] [2025-01-29T06:46:06.001Z] [unzip] Processing entry: client\assets\provider-icons\auth_service_yahoo.svg
[debug] [2025-01-29T06:46:06.001Z] [unzip] else mkdir: C:\Users\vincealwyn\.cache\firebase\emulators\ui-v1.13.0\client\assets\provider-icons
[debug] [2025-01-29T06:46:06.004Z] [unzip] deflating: C:\Users\vincealwyn\.cache\firebase\emulators\ui-v1.13.0\client\assets\provider-icons\auth_service_yahoo.svg
[debug] [2025-01-29T06:46:06.008Z] [unzip] Entry: client/assets/provider-icons/auth_service_twitter.svg (compressed_size=444 bytes, uncompressed_size=751 bytes)
[debug] [2025-01-29T06:46:06.009Z] [unzip] Processing entry: client\assets\provider-icons\auth_service_twitter.svg
[debug] [2025-01-29T06:46:06.009Z] [unzip] else mkdir: C:\Users\vincealwyn\.cache\firebase\emulators\ui-v1.13.0\client\assets\provider-icons
[debug] [2025-01-29T06:46:06.010Z] [unzip] deflating: C:\Users\vincealwyn\.cache\firebase\emulators\ui-v1.13.0\client\assets\provider-icons\auth_service_twitter.svg
[debug] [2025-01-29T06:46:06.036Z] [unzip] Entry: client/assets/provider-icons/auth_service_play_games.svg (compressed_size=565 bytes, uncompressed_size=1173 bytes)
[debug] [2025-01-29T06:46:06.036Z] [unzip] Processing entry: client\assets\provider-icons\auth_service_play_games.svg
[debug] [2025-01-29T06:46:06.036Z] [unzip] else mkdir: C:\Users\vincealwyn\.cache\firebase\emulators\ui-v1.13.0\client\assets\provider-icons
[debug] [2025-01-29T06:46:06.041Z] [unzip] deflating: C:\Users\vincealwyn\.cache\firebase\emulators\ui-v1.13.0\client\assets\provider-icons\auth_service_play_games.svg
[debug] [2025-01-29T06:46:06.055Z] [unzip] Entry: client/assets/provider-icons/auth_service_email.svg (compressed_size=228 bytes, uncompressed_size=326 bytes)
[debug] [2025-01-29T06:46:06.056Z] [unzip] Processing entry: client\assets\provider-icons\auth_service_email.svg
[debug] [2025-01-29T06:46:06.057Z] [unzip] else mkdir: C:\Users\vincealwyn\.cache\firebase\emulators\ui-v1.13.0\client\assets\provider-icons
[debug] [2025-01-29T06:46:06.059Z] [unzip] deflating: C:\Users\vincealwyn\.cache\firebase\emulators\ui-v1.13.0\client\assets\provider-icons\auth_service_email.svg
[debug] [2025-01-29T06:46:06.062Z] [unzip] Entry: client/assets/provider-icons/auth_service_google.svg (compressed_size=409 bytes, uncompressed_size=720 bytes)
[debug] [2025-01-29T06:46:06.063Z] [unzip] Processing entry: client\assets\provider-icons\auth_service_google.svg
[debug] [2025-01-29T06:46:06.063Z] [unzip] else mkdir: C:\Users\vincealwyn\.cache\firebase\emulators\ui-v1.13.0\client\assets\provider-icons
[debug] [2025-01-29T06:46:06.066Z] [unzip] deflating: C:\Users\vincealwyn\.cache\firebase\emulators\ui-v1.13.0\client\assets\provider-icons\auth_service_google.svg
[debug] [2025-01-29T06:46:06.071Z] [unzip] Entry: client/assets/provider-icons/auth_service_oidc.svg (compressed_size=414 bytes, uncompressed_size=858 bytes)
[debug] [2025-01-29T06:46:06.071Z] [unzip] Processing entry: client\assets\provider-icons\auth_service_oidc.svg
[debug] [2025-01-29T06:46:06.071Z] [unzip] else mkdir: C:\Users\vincealwyn\.cache\firebase\emulators\ui-v1.13.0\client\assets\provider-icons
[debug] [2025-01-29T06:46:06.072Z] [unzip] deflating: C:\Users\vincealwyn\.cache\firebase\emulators\ui-v1.13.0\client\assets\provider-icons\auth_service_oidc.svg
[debug] [2025-01-29T06:46:06.079Z] [unzip] Entry: client/browserconfig.xml (compressed_size=491 bytes, uncompressed_size=822 bytes)
[debug] [2025-01-29T06:46:06.079Z] [unzip] Processing entry: client\browserconfig.xml
[debug] [2025-01-29T06:46:06.079Z] [unzip] else mkdir: C:\Users\vincealwyn\.cache\firebase\emulators\ui-v1.13.0\client
[debug] [2025-01-29T06:46:06.081Z] [unzip] deflating: C:\Users\vincealwyn\.cache\firebase\emulators\ui-v1.13.0\client\browserconfig.xml
[debug] [2025-01-29T06:46:06.088Z] [unzip] Entry: client/favicon-32x32.png (compressed_size=475 bytes, uncompressed_size=475 bytes)
[debug] [2025-01-29T06:46:06.088Z] [unzip] Processing entry: client\favicon-32x32.png
[debug] [2025-01-29T06:46:06.088Z] [unzip] else mkdir: C:\Users\vincealwyn\.cache\firebase\emulators\ui-v1.13.0\client
[debug] [2025-01-29T06:46:06.089Z] [unzip] Writing file: C:\Users\vincealwyn\.cache\firebase\emulators\ui-v1.13.0\client\favicon-32x32.png
[debug] [2025-01-29T06:46:06.092Z] [unzip] Entry: server/ (compressed_size=0 bytes, uncompressed_size=0 bytes)
[debug] [2025-01-29T06:46:06.092Z] [unzip] Processing entry: server\
[debug] [2025-01-29T06:46:06.092Z] [unzip] mkdir: C:\Users\vincealwyn\.cache\firebase\emulators\ui-v1.13.0\server\
[debug] [2025-01-29T06:46:06.093Z] [unzip] Entry: server/server.mjs.map (compressed_size=294629 bytes, uncompressed_size=1346672 bytes)
[debug] [2025-01-29T06:46:06.093Z] [unzip] Processing entry: server\server.mjs.map
[debug] [2025-01-29T06:46:06.094Z] [unzip] else mkdir: C:\Users\vincealwyn\.cache\firebase\emulators\ui-v1.13.0\server
[debug] [2025-01-29T06:46:06.094Z] [unzip] deflating: C:\Users\vincealwyn\.cache\firebase\emulators\ui-v1.13.0\server\server.mjs.map
[debug] [2025-01-29T06:46:06.138Z] [unzip] Entry: server/server.mjs (compressed_size=314679 bytes, uncompressed_size=1167517 bytes)
[debug] [2025-01-29T06:46:06.139Z] [unzip] Processing entry: server\server.mjs
[debug] [2025-01-29T06:46:06.139Z] [unzip] else mkdir: C:\Users\vincealwyn\.cache\firebase\emulators\ui-v1.13.0\server
[debug] [2025-01-29T06:46:06.141Z] [unzip] deflating: C:\Users\vincealwyn\.cache\firebase\emulators\ui-v1.13.0\server\server.mjs
[debug] [2025-01-29T06:46:06.191Z] [unzip] Entry: server/assets/ (compressed_size=0 bytes, uncompressed_size=0 bytes)
[debug] [2025-01-29T06:46:06.192Z] [unzip] Processing entry: server\assets\
[debug] [2025-01-29T06:46:06.196Z] [unzip] mkdir: C:\Users\vincealwyn\.cache\firebase\emulators\ui-v1.13.0\server\assets\
[debug] [2025-01-29T06:46:06.197Z] [unzip] Entry: server/assets/multipart-parser-DGCUZdXu.mjs.map (compressed_size=4791 bytes, uncompressed_size=17918 bytes)
[debug] [2025-01-29T06:46:06.198Z] [unzip] Processing entry: server\assets\multipart-parser-DGCUZdXu.mjs.map
[debug] [2025-01-29T06:46:06.198Z] [unzip] else mkdir: C:\Users\vincealwyn\.cache\firebase\emulators\ui-v1.13.0\server\assets
[debug] [2025-01-29T06:46:06.198Z] [unzip] deflating: C:\Users\vincealwyn\.cache\firebase\emulators\ui-v1.13.0\server\assets\multipart-parser-DGCUZdXu.mjs.map
[debug] [2025-01-29T06:46:06.202Z] [unzip] Entry: server/assets/multipart-parser-DGCUZdXu.mjs (compressed_size=2621 bytes, uncompressed_size=10390 bytes)
[debug] [2025-01-29T06:46:06.202Z] [unzip] Processing entry: server\assets\multipart-parser-DGCUZdXu.mjs
[debug] [2025-01-29T06:46:06.203Z] [unzip] else mkdir: C:\Users\vincealwyn\.cache\firebase\emulators\ui-v1.13.0\server\assets
[debug] [2025-01-29T06:46:06.203Z] [unzip] deflating: C:\Users\vincealwyn\.cache\firebase\emulators\ui-v1.13.0\server\assets\multipart-parser-DGCUZdXu.mjs
[debug] [2025-01-29T06:46:06.212Z] Ignoring unsupported arg: auto_download {"metadata":{"emulator":{"name":"ui"},"message":"Ignoring unsupported arg: auto_download"}}
[debug] [2025-01-29T06:46:06.212Z] Ignoring unsupported arg: port {"metadata":{"emulator":{"name":"ui"},"message":"Ignoring unsupported arg: port"}}
[debug] [2025-01-29T06:46:06.213Z] Starting Emulator UI with command {"binary":"node","args":["C:\\Users\\vincealwyn\\.cache\\firebase\\emulators\\ui-v1.13.0\\server\\server.mjs"],"optionalArgs":[],"joinArgs":false,"shell":false,"port":4000} {"metadata":{"emulator":{"name":"ui"},"message":"Starting Emulator UI with command {\"binary\":\"node\",\"args\":[\"C:\\\\Users\\\\vincealwyn\\\\.cache\\\\firebase\\\\emulators\\\\ui-v1.13.0\\\\server\\\\server.mjs\"],\"optionalArgs\":[],\"joinArgs\":false,\"shell\":false,\"port\":4000}"}}
[info] i  ui: Emulator UI logging to ui-debug.log {"metadata":{"emulator":{"name":"ui"},"message":"Emulator UI logging to \u001b[1mui-debug.log\u001b[22m"}}
[debug] [2025-01-29T06:46:06.978Z] Web / API server started at 127.0.0.1:4000
 {"metadata":{"emulator":{"name":"ui"},"message":"Web / API server started at 127.0.0.1:4000\n"}}
[debug] [2025-01-29T06:46:06.979Z] Web / API server started at ::1:4000
 {"metadata":{"emulator":{"name":"ui"},"message":"Web / API server started at ::1:4000\n"}}
[info] i  functions: Watching "D:\codesevent\functions" for Cloud Functions... {"metadata":{"emulator":{"name":"functions"},"message":"Watching \"D:\\codesevent\\functions\" for Cloud Functions..."}}
[debug] [2025-01-29T06:46:07.103Z] Validating nodejs source
[debug] [2025-01-29T06:46:17.165Z] checkFunctionsSDKVersion was unable to fetch information from NPM Error: spawnSync C:\Windows\system32\cmd.exe ETIMEDOUT
    at Object.spawnSync (node:internal/child_process:1124:20)
    at Object.spawnSync (node:child_process:875:24)
    at Function.spawnSync [as sync] (C:\Users\VINCEA~1\CONFIG~1\herd\bin\nvm\v22.1.0\node_modules\firebase-tools\node_modules\cross-spawn\index.js:26:23)
    at Object.getLatestSDKVersion (C:\Users\VINCEA~1\CONFIG~1\herd\bin\nvm\v22.1.0\node_modules\firebase-tools\lib\deploy\functions\runtimes\node\versioning.js:54:25)
    at Object.checkFunctionsSDKVersion (C:\Users\VINCEA~1\CONFIG~1\herd\bin\nvm\v22.1.0\node_modules\firebase-tools\lib\deploy\functions\runtimes\node\versioning.js:74:32)
    at Delegate.validate (C:\Users\VINCEA~1\CONFIG~1\herd\bin\nvm\v22.1.0\node_modules\firebase-tools\lib\deploy\functions\runtimes\node\index.js:86:20)
    at FunctionsEmulator.discoverTriggers (C:\Users\VINCEA~1\CONFIG~1\herd\bin\nvm\v22.1.0\node_modules\firebase-tools\lib\emulator\functionsEmulator.js:303:35)
    at async FunctionsEmulator.loadTriggers (C:\Users\VINCEA~1\CONFIG~1\herd\bin\nvm\v22.1.0\node_modules\firebase-tools\lib\emulator\functionsEmulator.js:339:34)
    at async FunctionsEmulator.connect (C:\Users\VINCEA~1\CONFIG~1\herd\bin\nvm\v22.1.0\node_modules\firebase-tools\lib\emulator\functionsEmulator.js:269:13)
    at async Object.startAll (C:\Users\VINCEA~1\CONFIG~1\herd\bin\nvm\v22.1.0\node_modules\firebase-tools\lib\emulator\controller.js:626:13)
[debug] [2025-01-29T06:46:17.167Z] > [functions] package.json contents: {
  "name": "functions",
  "scripts": {
    "lint": "eslint --ext .js,.ts .",
    "build": "tsc",
    "build:watch": "tsc --watch",
    "serve": "npm run build && firebase emulators:start --only functions",
    "shell": "npm run build && firebase functions:shell",
    "start": "npm run shell",
    "deploy": "firebase deploy --only functions",
    "logs": "firebase functions:log"
  },
  "engines": {
    "node": "18"
  },
  "main": "lib/index.js",
  "dependencies": {
    "firebase-admin": "^12.1.0",
    "firebase-functions": "^5.0.0"
  },
  "devDependencies": {
    "@typescript-eslint/eslint-plugin": "^5.12.0",
    "@typescript-eslint/parser": "^5.12.0",
    "eslint": "^8.9.0",
    "eslint-config-google": "^0.14.0",
    "eslint-plugin-import": "^2.25.4",
    "firebase-functions-test": "^3.1.0",
    "typescript": "^4.9.0"
  },
  "private": true
}
[error] !!  functions: Failed to load function definition from source: FirebaseError: There was an error reading functions\package.json:

 functions\lib\index.js does not exist, can't deploy Cloud Functions {"metadata":{"emulator":{"name":"functions"},"message":"Failed to load function definition from source: FirebaseError: There was an error reading functions\\package.json:\n\n functions\\lib\\index.js does not exist, can't deploy Cloud Functions"}}
[debug] [2025-01-29T06:46:17.205Z] Could not find VSCode notification endpoint: FetchError: request to http://localhost:40001/vscode/notify failed, reason: 
[info] 
┌─────────────────────────────────────────────────────────────┐
│ ✔  All emulators ready! It is now safe to connect your app. │
│ i  View Emulator UI at http://127.0.0.1:4000/               │
└─────────────────────────────────────────────────────────────┘

┌────────────────┬────────────────┬─────────────────────────────────┐
│ Emulator       │ Host:Port      │ View in Emulator UI             │
├────────────────┼────────────────┼─────────────────────────────────┤
│ Authentication │ 127.0.0.1:9099 │ http://127.0.0.1:4000/auth      │
├────────────────┼────────────────┼─────────────────────────────────┤
│ Functions      │ 127.0.0.1:5001 │ http://127.0.0.1:4000/functions │
├────────────────┼────────────────┼─────────────────────────────────┤
│ Firestore      │ 127.0.0.1:8080 │ http://127.0.0.1:4000/firestore │
└────────────────┴────────────────┴─────────────────────────────────┘
  Emulator Hub running at 127.0.0.1:4400
  Other reserved ports: 4500, 9150

Issues? Report them at https://github.com/firebase/firebase-tools/issues and attach the *-debug.log files.
 
